<?xml version="1.0" encoding="UTF-8"?>
<testng-results ignored="0" total="1" passed="1" failed="0" skipped="0">
  <reporter-output>
  </reporter-output>
  <suite started-at="2022-09-14T15:56:16 BDT" name="Default Suite" finished-at="2022-09-14T15:56:43 BDT" duration-ms="26692">
    <groups>
    </groups>
    <test started-at="2022-09-14T15:56:16 BDT" name="ShareTrip" finished-at="2022-09-14T15:56:43 BDT" duration-ms="26692">
      <class name="BookOneWayFlightTest">
        <test-method is-config="true" signature="setUp()[pri:0, instance:BookOneWayFlightTest@55536d9e]" started-at="2022-09-14T15:56:12 BDT" name="setUp" finished-at="2022-09-14T15:56:16 BDT" duration-ms="4800" status="PASS">
          <reporter-output>
          </reporter-output>
        </test-method> <!-- setUp -->
        <test-method signature="flightBookingOneWay()[pri:0, instance:BookOneWayFlightTest@55536d9e]" started-at="2022-09-14T15:56:16 BDT" name="flightBookingOneWay" finished-at="2022-09-14T15:56:43 BDT" duration-ms="26637" status="PASS">
          <reporter-output>
          </reporter-output>
        </test-method> <!-- flightBookingOneWay -->
        <test-method is-config="true" signature="tearDown()[pri:0, instance:BookOneWayFlightTest@55536d9e]" started-at="2022-09-14T15:56:43 BDT" name="tearDown" finished-at="2022-09-14T15:56:44 BDT" duration-ms="714" status="PASS">
          <reporter-output>
          </reporter-output>
        </test-method> <!-- tearDown -->
      </class> <!-- BookOneWayFlightTest -->
    </test> <!-- ShareTrip -->
  </suite> <!-- Default Suite -->
</testng-results>
